[35m[Appium][39m Welcome to Appium v2.2.1
[35m[Appium][39m Non-default server args:
[35m[Appium][39m { basePath: [32m'/wd/hub'[39m, loglevel: [32m'info'[39m, port: [33m60028[39m }
[35m[Appium][39m Attempting to load driver uiautomator2...
[35m[Appium][39m Appium REST http interface listener started on http://0.0.0.0:60028/wd/hub
[35m[Appium][39m You can provide the following URLs in your client code to connect to this server:
[35m[Appium][39m 	http://192.168.100.202:60028/wd/hub
[35m[Appium][39m 	http://127.0.0.1:60028/wd/hub (only accessible from the same host)
[35m[Appium][39m Available drivers:
[35m[Appium][39m   - uiautomator2@2.33.0 (automationName 'UiAutomator2')
[35m[Appium][39m No plugins have been installed. Use the "appium plugin" command to install the one(s) you want to use.
[38;5;0m[HTTP][0m [37m-->[39m [37mGET[39m [37m/wd/hub/status[39m
[38;5;0m[HTTP][0m [90m{}[39m
[38;5;0m[HTTP][0m [37m<-- GET /wd/hub/status [39m[32m200[39m [90m11 ms - 110[39m
[38;5;0m[HTTP][0m [90m[39m
[38;5;0m[HTTP][0m [37m-->[39m [37mPOST[39m [37m/wd/hub/session[39m
[38;5;0m[HTTP][0m [90m{"desiredCapabilities":{"appium:systemPort":60027,"appium:newCommandTimeout":1800,"appium:automationName":"uiautomator2","appium:fullReset":false,"appium:platformVersion":"14","appium:noReset":true,"appium:udid":"R9RW3035JLN","appium:autoGrantPermissions":true,"appium:platformName":"ANDROID","appium:deviceName":"samsung SM-X205 (Android 14)","platformName":"Android","appium:app":"D:\\Downloads\\base.apk"},"capabilities":{"firstMatch":[{"appium:app":"D:\\Downloads\\base.apk","appium:autoGrantPermissions":true,"appium:automationName":"uiautomator2","appium:deviceName":"samsung SM-X205 (Android 14)","appium:fullReset":false,"appium:newCommandTimeout":1800,"appium:noReset":true,"appium:platformName":"ANDROID","appium:platformVersion":"14","appium:systemPort":60027,"appium:udid":"R9RW3035JLN","platformName":"android"}]}}[39m
[38;5;32m[BaseDriver][0m Ignoring capability 'appium:platformName=ANDROID' and using capability 'platformName=android'
[38;5;32m[BaseDriver][0m The capabilities ["platformName"] are standard capabilities and do not require "appium:" prefix
[35m[Appium][39m Attempting to find matching driver for automationName 'uiautomator2' and platformName 'android'
[35m[Appium][39m The 'uiautomator2' driver was installed and matched caps.
[35m[Appium][39m Will require it at C:\Users\Maxxi\.appium\node_modules\appium-uiautomator2-driver
[38;5;16m[AppiumDriver@b2f9][0m Appium v2.2.1 creating new AndroidUiautomator2Driver (v2.33.0) session
[38;5;16m[AppiumDriver@b2f9][0m Checking BaseDriver versions for Appium and AndroidUiautomator2Driver
[38;5;16m[AppiumDriver@b2f9][0m Appium's BaseDriver version is 9.4.1
[38;5;16m[AppiumDriver@b2f9][0m AndroidUiautomator2Driver's BaseDriver version is 9.4.1
[38;5;48m[AndroidUiautomator2Driver@5afc (e32b3817)][0m Session created with session id: e32b3817-b491-4f7d-bca7-2bd94ea7ce2d
[38;5;32m[BaseDriver][0m Using local app 'D:\Downloads\base.apk'
[38;5;64m[ADB][0m Found 1 'build-tools' folders under 'C:\Users\Maxxi\AppData\Local\Android\Sdk' (newest first):
[38;5;64m[ADB][0m     C:\Users\Maxxi\AppData\Local\Android\Sdk\build-tools\34.0.0
[38;5;64m[ADB][0m Using 'adb.exe' from 'C:\Users\Maxxi\AppData\Local\Android\Sdk\platform-tools\adb.exe'
[38;5;80m[AndroidDriver][0m Retrieving device list
[38;5;80m[AndroidDriver][0m Using device: R9RW3035JLN
[38;5;64m[ADB][0m Using 'adb.exe' from 'C:\Users\Maxxi\AppData\Local\Android\Sdk\platform-tools\adb.exe'
[38;5;64m[ADB][0m Getting device platform version
[38;5;48m[AndroidUiautomator2Driver@5afc (e32b3817)][0m Relaxing hidden api policy
[38;5;64m[ADB][0m Package name: 'com.alfamart.alfagift'
[38;5;64m[ADB][0m Main activity name: 'com.alfamart.alfagift.screen.splash.SplashActivity'
[38;5;64m[ADB][0m Using 'apksigner.jar' from 'C:\Users\Maxxi\AppData\Local\Android\Sdk\build-tools\34.0.0\lib\apksigner.jar'
[38;5;64m[ADB][0m 'C:\Users\Maxxi\.appium\node_modules\appium-uiautomator2-driver\node_modules\appium-uiautomator2-server\apks\appium-uiautomator2-server-debug-androidTest.apk' is signed with the default certificate
[38;5;64m[ADB][0m 'C:\Users\Maxxi\.appium\node_modules\appium-uiautomator2-driver\node_modules\appium-uiautomator2-server\apks\appium-uiautomator2-server-v5.12.15.apk' is signed with the default certificate
[38;5;48m[AndroidUiautomator2Driver@5afc (e32b3817)][0m Server packages are not going to be (re)installed
[38;5;64m[ADB][0m Adding packages ["io.appium.settings","io.appium.uiautomator2.server","io.appium.uiautomator2.server.test"] to Doze whitelist
[38;5;48m[AndroidUiautomator2Driver@5afc (e32b3817)][0m Starting UIAutomator2 server 5.12.15
[38;5;48m[AndroidUiautomator2Driver@5afc (e32b3817)][0m Using UIAutomator2 server from 'C:\Users\Maxxi\.appium\node_modules\appium-uiautomator2-driver\node_modules\appium-uiautomator2-server\apks\appium-uiautomator2-server-v5.12.15.apk' and test from 'C:\Users\Maxxi\.appium\node_modules\appium-uiautomator2-driver\node_modules\appium-uiautomator2-server\apks\appium-uiautomator2-server-debug-androidTest.apk'
[38;5;48m[AndroidUiautomator2Driver@5afc (e32b3817)][0m Waiting up to 30000ms for UiAutomator2 to be online...
[38;5;48m[AndroidUiautomator2Driver@5afc (e32b3817)][0m socket hang up
[38;5;48m[AndroidUiautomator2Driver@5afc (e32b3817)][0m socket hang up
[38;5;48m[AndroidUiautomator2Driver@5afc (e32b3817)][0m socket hang up
[38;5;48m[AndroidUiautomator2Driver@5afc (e32b3817)][0m Determined the downstream protocol as 'W3C'
[38;5;80m[AndroidDriver][0m Screen already unlocked, doing nothing
[38;5;48m[AndroidUiautomator2Driver@5afc (e32b3817)][0m Starting 'com.alfamart.alfagift/com.alfamart.alfagift.screen.splash.SplashActivity and waiting for 'com.alfamart.alfagift/com.alfamart.alfagift.screen.splash.SplashActivity'
[38;5;16m[AppiumDriver@b2f9][0m New AndroidUiautomator2Driver session created successfully, session e32b3817-b491-4f7d-bca7-2bd94ea7ce2d added to master session list
[38;5;0m[HTTP][0m [37m<-- POST /wd/hub/session [39m[32m200[39m [90m9561 ms - 1128[39m
[38;5;0m[HTTP][0m [90m[39m
[38;5;0m[HTTP][0m [37m-->[39m [37mGET[39m [37m/wd/hub/session/e32b3817-b491-4f7d-bca7-2bd94ea7ce2d[39m
[38;5;0m[HTTP][0m [90m{}[39m
[38;5;0m[HTTP][0m [37m<-- GET /wd/hub/session/e32b3817-b491-4f7d-bca7-2bd94ea7ce2d [39m[32m200[39m [90m33 ms - 315[39m
[38;5;0m[HTTP][0m [90m[39m
[38;5;0m[HTTP][0m [37m-->[39m [37mGET[39m [37m/wd/hub/session/e32b3817-b491-4f7d-bca7-2bd94ea7ce2d[39m
[38;5;0m[HTTP][0m [90m{}[39m
[38;5;0m[HTTP][0m [37m<-- GET /wd/hub/session/e32b3817-b491-4f7d-bca7-2bd94ea7ce2d [39m[32m200[39m [90m24 ms - 315[39m
[38;5;0m[HTTP][0m [90m[39m
[38;5;0m[HTTP][0m [37m-->[39m [37mGET[39m [37m/wd/hub/status[39m
[38;5;0m[HTTP][0m [90m{}[39m
[38;5;0m[HTTP][0m [37m<-- GET /wd/hub/status [39m[32m200[39m [90m1 ms - 110[39m
[38;5;0m[HTTP][0m [90m[39m
[38;5;0m[HTTP][0m [37m-->[39m [37mPOST[39m [37m/wd/hub/session/e32b3817-b491-4f7d-bca7-2bd94ea7ce2d/timeouts[39m
[38;5;0m[HTTP][0m [90m{"implicit":30000}[39m
[38;5;0m[HTTP][0m [37m<-- POST /wd/hub/session/e32b3817-b491-4f7d-bca7-2bd94ea7ce2d/timeouts [39m[32m200[39m [90m2 ms - 14[39m
[38;5;0m[HTTP][0m [90m[39m
[38;5;0m[HTTP][0m [37m-->[39m [37mGET[39m [37m/wd/hub/session/e32b3817-b491-4f7d-bca7-2bd94ea7ce2d/appium/device/system_bars[39m
[38;5;0m[HTTP][0m [90m{}[39m
[38;5;48m[AndroidUiautomator2Driver@5afc (e32b3817)][0m No windows have been found whose title matches to 'NavigationBar'. Assuming it is invisible. Only the following windows are available: ShellDropTarget,TaskbarWindow,LockscreenShortcutBlur,NotificationShade,StatusBar,RecentsTransitionOverlay,InputMethod
[38;5;0m[HTTP][0m [37m<-- GET /wd/hub/session/e32b3817-b491-4f7d-bca7-2bd94ea7ce2d/appium/device/system_bars [39m[32m200[39m [90m97 ms - 144[39m
[38;5;0m[HTTP][0m [90m[39m
[38;5;0m[HTTP][0m [37m-->[39m [37mPOST[39m [37m/wd/hub/session/e32b3817-b491-4f7d-bca7-2bd94ea7ce2d/timeouts[39m
[38;5;0m[HTTP][0m [90m{"implicit":50}[39m
[38;5;0m[HTTP][0m [37m<-- POST /wd/hub/session/e32b3817-b491-4f7d-bca7-2bd94ea7ce2d/timeouts [39m[32m200[39m [90m2 ms - 14[39m
[38;5;0m[HTTP][0m [90m[39m
[38;5;0m[HTTP][0m [37m-->[39m [37mGET[39m [37m/wd/hub/session/e32b3817-b491-4f7d-bca7-2bd94ea7ce2d/window/rect[39m
[38;5;0m[HTTP][0m [90m{}[39m
[38;5;0m[HTTP][0m [37m<-- GET /wd/hub/session/e32b3817-b491-4f7d-bca7-2bd94ea7ce2d/window/rect [39m[32m200[39m [90m16 ms - 50[39m
[38;5;0m[HTTP][0m [90m[39m
[38;5;0m[HTTP][0m [37m-->[39m [37mPOST[39m [37m/wd/hub/session/e32b3817-b491-4f7d-bca7-2bd94ea7ce2d/elements[39m
[38;5;0m[HTTP][0m [90m{"using":"xpath","value":"//*[@class = 'android.widget.TextView' and (@text = 'MASUK' or . = 'MASUK') and @resource-id = 'com.alfamart.alfagift:id/btn_login']"}[39m
[38;5;0m[HTTP][0m [37m<-- POST /wd/hub/session/e32b3817-b491-4f7d-bca7-2bd94ea7ce2d/elements [39m[32m200[39m [90m692 ms - 12[39m
[38;5;0m[HTTP][0m [90m[39m
[38;5;0m[HTTP][0m [37m-->[39m [37mPOST[39m [37m/wd/hub/session/e32b3817-b491-4f7d-bca7-2bd94ea7ce2d/elements[39m
[38;5;0m[HTTP][0m [90m{"using":"xpath","value":"//*[@class = 'android.widget.TextView' and (@text = 'MASUK' or . = 'MASUK') and @resource-id = 'com.alfamart.alfagift:id/btn_login']"}[39m
[38;5;0m[HTTP][0m [37m<-- POST /wd/hub/session/e32b3817-b491-4f7d-bca7-2bd94ea7ce2d/elements [39m[32m200[39m [90m68 ms - 12[39m
[38;5;0m[HTTP][0m [90m[39m
[38;5;0m[HTTP][0m [37m-->[39m [37mPOST[39m [37m/wd/hub/session/e32b3817-b491-4f7d-bca7-2bd94ea7ce2d/elements[39m
[38;5;0m[HTTP][0m [90m{"using":"xpath","value":"//*[@class = 'android.widget.TextView' and (@text = 'MASUK' or . = 'MASUK') and @resource-id = 'com.alfamart.alfagift:id/btn_login']"}[39m
[38;5;0m[HTTP][0m [37m<-- POST /wd/hub/session/e32b3817-b491-4f7d-bca7-2bd94ea7ce2d/elements [39m[32m200[39m [90m69 ms - 12[39m
[38;5;0m[HTTP][0m [90m[39m
[38;5;0m[HTTP][0m [37m-->[39m [37mPOST[39m [37m/wd/hub/session/e32b3817-b491-4f7d-bca7-2bd94ea7ce2d/elements[39m
[38;5;0m[HTTP][0m [90m{"using":"xpath","value":"//*[@class = 'android.widget.TextView' and (@text = 'MASUK' or . = 'MASUK') and @resource-id = 'com.alfamart.alfagift:id/btn_login']"}[39m
[38;5;0m[HTTP][0m [37m<-- POST /wd/hub/session/e32b3817-b491-4f7d-bca7-2bd94ea7ce2d/elements [39m[32m200[39m [90m690 ms - 12[39m
[38;5;0m[HTTP][0m [90m[39m
[38;5;0m[HTTP][0m [37m-->[39m [37mPOST[39m [37m/wd/hub/session/e32b3817-b491-4f7d-bca7-2bd94ea7ce2d/elements[39m
[38;5;0m[HTTP][0m [90m{"using":"xpath","value":"//*[@class = 'android.widget.TextView' and (@text = 'MASUK' or . = 'MASUK') and @resource-id = 'com.alfamart.alfagift:id/btn_login']"}[39m
[38;5;0m[HTTP][0m [37m<-- POST /wd/hub/session/e32b3817-b491-4f7d-bca7-2bd94ea7ce2d/elements [39m[32m200[39m [90m5552 ms - 12[39m
[38;5;0m[HTTP][0m [90m[39m
[38;5;0m[HTTP][0m [37m-->[39m [37mPOST[39m [37m/wd/hub/session/e32b3817-b491-4f7d-bca7-2bd94ea7ce2d/elements[39m
[38;5;0m[HTTP][0m [90m{"using":"xpath","value":"//*[@class = 'android.widget.TextView' and (@text = 'MASUK' or . = 'MASUK') and @resource-id = 'com.alfamart.alfagift:id/btn_login']"}[39m
[38;5;0m[HTTP][0m [37m<-- POST /wd/hub/session/e32b3817-b491-4f7d-bca7-2bd94ea7ce2d/elements [39m[32m200[39m [90m363 ms - 12[39m
[38;5;0m[HTTP][0m [90m[39m
[38;5;0m[HTTP][0m [37m-->[39m [37mPOST[39m [37m/wd/hub/session/e32b3817-b491-4f7d-bca7-2bd94ea7ce2d/elements[39m
[38;5;0m[HTTP][0m [90m{"using":"xpath","value":"//*[@class = 'android.widget.TextView' and (@text = 'MASUK' or . = 'MASUK') and @resource-id = 'com.alfamart.alfagift:id/btn_login']"}[39m
[38;5;0m[HTTP][0m [37m<-- POST /wd/hub/session/e32b3817-b491-4f7d-bca7-2bd94ea7ce2d/elements [39m[32m200[39m [90m85 ms - 12[39m
[38;5;0m[HTTP][0m [90m[39m
[38;5;0m[HTTP][0m [37m-->[39m [37mPOST[39m [37m/wd/hub/session/e32b3817-b491-4f7d-bca7-2bd94ea7ce2d/elements[39m
[38;5;0m[HTTP][0m [90m{"using":"xpath","value":"//*[@class = 'android.widget.TextView' and (@text = 'MASUK' or . = 'MASUK') and @resource-id = 'com.alfamart.alfagift:id/btn_login']"}[39m
[38;5;0m[HTTP][0m [37m<-- POST /wd/hub/session/e32b3817-b491-4f7d-bca7-2bd94ea7ce2d/elements [39m[32m200[39m [90m88 ms - 12[39m
[38;5;0m[HTTP][0m [90m[39m
[38;5;0m[HTTP][0m [37m-->[39m [37mPOST[39m [37m/wd/hub/session/e32b3817-b491-4f7d-bca7-2bd94ea7ce2d/elements[39m
[38;5;0m[HTTP][0m [90m{"using":"xpath","value":"//*[@class = 'android.widget.TextView' and (@text = 'MASUK' or . = 'MASUK') and @resource-id = 'com.alfamart.alfagift:id/btn_login']"}[39m
[38;5;0m[HTTP][0m [37m<-- POST /wd/hub/session/e32b3817-b491-4f7d-bca7-2bd94ea7ce2d/elements [39m[32m200[39m [90m83 ms - 12[39m
[38;5;0m[HTTP][0m [90m[39m
[38;5;0m[HTTP][0m [37m-->[39m [37mPOST[39m [37m/wd/hub/session/e32b3817-b491-4f7d-bca7-2bd94ea7ce2d/elements[39m
[38;5;0m[HTTP][0m [90m{"using":"xpath","value":"//*[@class = 'android.widget.TextView' and (@text = 'MASUK' or . = 'MASUK') and @resource-id = 'com.alfamart.alfagift:id/btn_login']"}[39m
[38;5;0m[HTTP][0m [37m<-- POST /wd/hub/session/e32b3817-b491-4f7d-bca7-2bd94ea7ce2d/elements [39m[32m200[39m [90m1604 ms - 139[39m
[38;5;0m[HTTP][0m [90m[39m
[38;5;0m[HTTP][0m [37m-->[39m [37mGET[39m [37m/wd/hub/session/e32b3817-b491-4f7d-bca7-2bd94ea7ce2d/element/00000000-0000-02ee-ffff-ffff0000042b/location[39m
[38;5;0m[HTTP][0m [90m{}[39m
[38;5;48m[AndroidUiautomator2Driver@5afc (e32b3817)][0m Driver proxy active, passing request on via HTTP proxy
[38;5;48m[AndroidUiautomator2Driver@5afc (e32b3817)][0m Replacing sessionId fc7a2d1a-16bf-406a-b3a0-4b3aca3f1a1d with e32b3817-b491-4f7d-bca7-2bd94ea7ce2d
[38;5;0m[HTTP][0m [37m<-- GET /wd/hub/session/e32b3817-b491-4f7d-bca7-2bd94ea7ce2d/element/00000000-0000-02ee-ffff-ffff0000042b/location [39m[32m200[39m [90m47 ms - 78[39m
[38;5;0m[HTTP][0m [90m[39m
[38;5;0m[HTTP][0m [37m-->[39m [37mPOST[39m [37m/wd/hub/session/e32b3817-b491-4f7d-bca7-2bd94ea7ce2d/timeouts[39m
[38;5;0m[HTTP][0m [90m{"implicit":30000}[39m
[38;5;0m[HTTP][0m [37m<-- POST /wd/hub/session/e32b3817-b491-4f7d-bca7-2bd94ea7ce2d/timeouts [39m[32m200[39m [90m3 ms - 14[39m
[38;5;0m[HTTP][0m [90m[39m
[38;5;0m[HTTP][0m [37m-->[39m [37mPOST[39m [37m/wd/hub/session/e32b3817-b491-4f7d-bca7-2bd94ea7ce2d/element/00000000-0000-02ee-ffff-ffff0000042b/click[39m
[38;5;0m[HTTP][0m [90m{"id":"00000000-0000-02ee-ffff-ffff0000042b"}[39m
[38;5;0m[HTTP][0m [37m<-- POST /wd/hub/session/e32b3817-b491-4f7d-bca7-2bd94ea7ce2d/element/00000000-0000-02ee-ffff-ffff0000042b/click [39m[32m200[39m [90m63 ms - 14[39m
[38;5;0m[HTTP][0m [90m[39m
[38;5;0m[HTTP][0m [37m-->[39m [37mPOST[39m [37m/wd/hub/session/e32b3817-b491-4f7d-bca7-2bd94ea7ce2d/timeouts[39m
[38;5;0m[HTTP][0m [90m{"implicit":50}[39m
[38;5;0m[HTTP][0m [37m<-- POST /wd/hub/session/e32b3817-b491-4f7d-bca7-2bd94ea7ce2d/timeouts [39m[32m200[39m [90m3 ms - 14[39m
[38;5;0m[HTTP][0m [90m[39m
[38;5;0m[HTTP][0m [37m-->[39m [37mGET[39m [37m/wd/hub/session/e32b3817-b491-4f7d-bca7-2bd94ea7ce2d/window/rect[39m
[38;5;0m[HTTP][0m [90m{}[39m
[38;5;0m[HTTP][0m [37m<-- GET /wd/hub/session/e32b3817-b491-4f7d-bca7-2bd94ea7ce2d/window/rect [39m[32m200[39m [90m18 ms - 50[39m
[38;5;0m[HTTP][0m [90m[39m
[38;5;0m[HTTP][0m [37m-->[39m [37mPOST[39m [37m/wd/hub/session/e32b3817-b491-4f7d-bca7-2bd94ea7ce2d/elements[39m
[38;5;0m[HTTP][0m [90m{"using":"xpath","value":"//*[@class = 'android.widget.EditText' and (@text = 'Nomor HP/No. kartu member' or . = 'Nomor HP/No. kartu member') and @resource-id = 'com.alfamart.alfagift:id/et_phone']"}[39m
[38;5;0m[HTTP][0m [37m<-- POST /wd/hub/session/e32b3817-b491-4f7d-bca7-2bd94ea7ce2d/elements [39m[32m200[39m [90m1114 ms - 139[39m
[38;5;0m[HTTP][0m [90m[39m
[38;5;0m[HTTP][0m [37m-->[39m [37mGET[39m [37m/wd/hub/session/e32b3817-b491-4f7d-bca7-2bd94ea7ce2d/element/00000000-0000-02ef-ffff-ffff00000456/location[39m
[38;5;0m[HTTP][0m [90m{}[39m
[38;5;48m[AndroidUiautomator2Driver@5afc (e32b3817)][0m Driver proxy active, passing request on via HTTP proxy
[38;5;48m[AndroidUiautomator2Driver@5afc (e32b3817)][0m Replacing sessionId fc7a2d1a-16bf-406a-b3a0-4b3aca3f1a1d with e32b3817-b491-4f7d-bca7-2bd94ea7ce2d
[38;5;0m[HTTP][0m [37m<-- GET /wd/hub/session/e32b3817-b491-4f7d-bca7-2bd94ea7ce2d/element/00000000-0000-02ef-ffff-ffff00000456/location [39m[32m200[39m [90m23 ms - 77[39m
[38;5;0m[HTTP][0m [90m[39m
[38;5;0m[HTTP][0m [37m-->[39m [37mPOST[39m [37m/wd/hub/session/e32b3817-b491-4f7d-bca7-2bd94ea7ce2d/timeouts[39m
[38;5;0m[HTTP][0m [90m{"implicit":30000}[39m
[38;5;0m[HTTP][0m [37m<-- POST /wd/hub/session/e32b3817-b491-4f7d-bca7-2bd94ea7ce2d/timeouts [39m[32m200[39m [90m1 ms - 14[39m
[38;5;0m[HTTP][0m [90m[39m
[38;5;0m[HTTP][0m [37m-->[39m [37mPOST[39m [37m/wd/hub/session/e32b3817-b491-4f7d-bca7-2bd94ea7ce2d/element/00000000-0000-02ef-ffff-ffff00000456/clear[39m
[38;5;0m[HTTP][0m [90m{"id":"00000000-0000-02ef-ffff-ffff00000456"}[39m
[38;5;0m[HTTP][0m [37m<-- POST /wd/hub/session/e32b3817-b491-4f7d-bca7-2bd94ea7ce2d/element/00000000-0000-02ef-ffff-ffff00000456/clear [39m[32m200[39m [90m25 ms - 14[39m
[38;5;0m[HTTP][0m [90m[39m
[38;5;0m[HTTP][0m [37m-->[39m [37mPOST[39m [37m/wd/hub/session/e32b3817-b491-4f7d-bca7-2bd94ea7ce2d/element/00000000-0000-02ef-ffff-ffff00000456/click[39m
[38;5;0m[HTTP][0m [90m{"id":"00000000-0000-02ef-ffff-ffff00000456"}[39m
[38;5;0m[HTTP][0m [37m<-- POST /wd/hub/session/e32b3817-b491-4f7d-bca7-2bd94ea7ce2d/element/00000000-0000-02ef-ffff-ffff00000456/click [39m[32m200[39m [90m1627 ms - 14[39m
[38;5;0m[HTTP][0m [90m[39m
[38;5;0m[HTTP][0m [37m-->[39m [37mPOST[39m [37m/wd/hub/session/e32b3817-b491-4f7d-bca7-2bd94ea7ce2d/element/00000000-0000-02ef-ffff-ffff00000456/value[39m
[38;5;0m[HTTP][0m [90m{"id":"00000000-0000-02ef-ffff-ffff00000456","text":"085156622850","value":["0","8","5","1","5","6","6","2","2","8","5","0"]}[39m
[38;5;0m[HTTP][0m [37m<-- POST /wd/hub/session/e32b3817-b491-4f7d-bca7-2bd94ea7ce2d/element/00000000-0000-02ef-ffff-ffff00000456/value [39m[32m200[39m [90m901 ms - 14[39m
[38;5;0m[HTTP][0m [90m[39m
[38;5;0m[HTTP][0m [37m-->[39m [37mPOST[39m [37m/wd/hub/session/e32b3817-b491-4f7d-bca7-2bd94ea7ce2d/timeouts[39m
[38;5;0m[HTTP][0m [90m{"implicit":50}[39m
[38;5;0m[HTTP][0m [37m<-- POST /wd/hub/session/e32b3817-b491-4f7d-bca7-2bd94ea7ce2d/timeouts [39m[32m200[39m [90m1 ms - 14[39m
[38;5;0m[HTTP][0m [90m[39m
[38;5;0m[HTTP][0m [37m-->[39m [37mGET[39m [37m/wd/hub/session/e32b3817-b491-4f7d-bca7-2bd94ea7ce2d/window/rect[39m
[38;5;0m[HTTP][0m [90m{}[39m
[38;5;0m[HTTP][0m [37m<-- GET /wd/hub/session/e32b3817-b491-4f7d-bca7-2bd94ea7ce2d/window/rect [39m[32m200[39m [90m18 ms - 50[39m
[38;5;0m[HTTP][0m [90m[39m
[38;5;0m[HTTP][0m [37m-->[39m [37mPOST[39m [37m/wd/hub/session/e32b3817-b491-4f7d-bca7-2bd94ea7ce2d/elements[39m
[38;5;0m[HTTP][0m [90m{"using":"xpath","value":"//*[@class = 'android.widget.EditText' and (@text = 'Password' or . = 'Password') and @resource-id = 'com.alfamart.alfagift:id/et_password']"}[39m
[38;5;0m[HTTP][0m [37m<-- POST /wd/hub/session/e32b3817-b491-4f7d-bca7-2bd94ea7ce2d/elements [39m[32m200[39m [90m685 ms - 139[39m
[38;5;0m[HTTP][0m [90m[39m
[38;5;0m[HTTP][0m [37m-->[39m [37mGET[39m [37m/wd/hub/session/e32b3817-b491-4f7d-bca7-2bd94ea7ce2d/element/00000000-0000-02ef-ffff-ffff00000467/location[39m
[38;5;0m[HTTP][0m [90m{}[39m
[38;5;48m[AndroidUiautomator2Driver@5afc (e32b3817)][0m Driver proxy active, passing request on via HTTP proxy
[38;5;48m[AndroidUiautomator2Driver@5afc (e32b3817)][0m Replacing sessionId fc7a2d1a-16bf-406a-b3a0-4b3aca3f1a1d with e32b3817-b491-4f7d-bca7-2bd94ea7ce2d
[38;5;0m[HTTP][0m [37m<-- GET /wd/hub/session/e32b3817-b491-4f7d-bca7-2bd94ea7ce2d/element/00000000-0000-02ef-ffff-ffff00000467/location [39m[32m200[39m [90m23 ms - 77[39m
[38;5;0m[HTTP][0m [90m[39m
[38;5;0m[HTTP][0m [37m-->[39m [37mPOST[39m [37m/wd/hub/session/e32b3817-b491-4f7d-bca7-2bd94ea7ce2d/timeouts[39m
[38;5;0m[HTTP][0m [90m{"implicit":30000}[39m
[38;5;0m[HTTP][0m [37m<-- POST /wd/hub/session/e32b3817-b491-4f7d-bca7-2bd94ea7ce2d/timeouts [39m[32m200[39m [90m1 ms - 14[39m
[38;5;0m[HTTP][0m [90m[39m
[38;5;0m[HTTP][0m [37m-->[39m [37mPOST[39m [37m/wd/hub/session/e32b3817-b491-4f7d-bca7-2bd94ea7ce2d/element/00000000-0000-02ef-ffff-ffff00000467/clear[39m
[38;5;0m[HTTP][0m [90m{"id":"00000000-0000-02ef-ffff-ffff00000467"}[39m
[38;5;0m[HTTP][0m [37m<-- POST /wd/hub/session/e32b3817-b491-4f7d-bca7-2bd94ea7ce2d/element/00000000-0000-02ef-ffff-ffff00000467/clear [39m[32m200[39m [90m23 ms - 14[39m
[38;5;0m[HTTP][0m [90m[39m
[38;5;0m[HTTP][0m [37m-->[39m [37mPOST[39m [37m/wd/hub/session/e32b3817-b491-4f7d-bca7-2bd94ea7ce2d/element/00000000-0000-02ef-ffff-ffff00000467/click[39m
[38;5;0m[HTTP][0m [90m{"id":"00000000-0000-02ef-ffff-ffff00000467"}[39m
[38;5;0m[HTTP][0m [37m<-- POST /wd/hub/session/e32b3817-b491-4f7d-bca7-2bd94ea7ce2d/element/00000000-0000-02ef-ffff-ffff00000467/click [39m[32m200[39m [90m1292 ms - 14[39m
[38;5;0m[HTTP][0m [90m[39m
[38;5;0m[HTTP][0m [37m-->[39m [37mPOST[39m [37m/wd/hub/session/e32b3817-b491-4f7d-bca7-2bd94ea7ce2d/element/00000000-0000-02ef-ffff-ffff00000467/value[39m
[38;5;0m[HTTP][0m [90m{"id":"00000000-0000-02ef-ffff-ffff00000467","text":"Testla123","value":["T","e","s","t","l","a","1","2","3"]}[39m
[38;5;0m[HTTP][0m [37m<-- POST /wd/hub/session/e32b3817-b491-4f7d-bca7-2bd94ea7ce2d/element/00000000-0000-02ef-ffff-ffff00000467/value [39m[32m200[39m [90m681 ms - 14[39m
[38;5;0m[HTTP][0m [90m[39m
[38;5;0m[HTTP][0m [37m-->[39m [37mGET[39m [37m/wd/hub/session/e32b3817-b491-4f7d-bca7-2bd94ea7ce2d/context[39m
[38;5;0m[HTTP][0m [90m{}[39m
[38;5;0m[HTTP][0m [37m<-- GET /wd/hub/session/e32b3817-b491-4f7d-bca7-2bd94ea7ce2d/context [39m[32m200[39m [90m3 ms - 22[39m
[38;5;0m[HTTP][0m [90m[39m
[38;5;0m[HTTP][0m [37m-->[39m [37mGET[39m [37m/wd/hub/session/e32b3817-b491-4f7d-bca7-2bd94ea7ce2d/contexts[39m
[38;5;0m[HTTP][0m [90m{}[39m
[38;5;0m[HTTP][0m [37m<-- GET /wd/hub/session/e32b3817-b491-4f7d-bca7-2bd94ea7ce2d/contexts [39m[32m200[39m [90m190 ms - 75[39m
[38;5;0m[HTTP][0m [90m[39m
[38;5;0m[HTTP][0m [37m-->[39m [37mPOST[39m [37m/wd/hub/session/e32b3817-b491-4f7d-bca7-2bd94ea7ce2d/context[39m
[38;5;0m[HTTP][0m [90m{"name":"NATIVE_APP"}[39m
[38;5;0m[HTTP][0m [37m<-- POST /wd/hub/session/e32b3817-b491-4f7d-bca7-2bd94ea7ce2d/context [39m[32m200[39m [90m1 ms - 14[39m
[38;5;0m[HTTP][0m [90m[39m
[38;5;0m[HTTP][0m [37m-->[39m [37mPOST[39m [37m/wd/hub/session/e32b3817-b491-4f7d-bca7-2bd94ea7ce2d/appium/device/hide_keyboard[39m
[38;5;0m[HTTP][0m [90m{}[39m
[38;5;0m[HTTP][0m [37m<-- POST /wd/hub/session/e32b3817-b491-4f7d-bca7-2bd94ea7ce2d/appium/device/hide_keyboard [39m[32m200[39m [90m1532 ms - 14[39m
[38;5;0m[HTTP][0m [90m[39m
[38;5;0m[HTTP][0m [37m-->[39m [37mPOST[39m [37m/wd/hub/session/e32b3817-b491-4f7d-bca7-2bd94ea7ce2d/context[39m
[38;5;0m[HTTP][0m [90m{"name":"NATIVE_APP"}[39m
[38;5;0m[HTTP][0m [37m<-- POST /wd/hub/session/e32b3817-b491-4f7d-bca7-2bd94ea7ce2d/context [39m[32m200[39m [90m1 ms - 14[39m
[38;5;0m[HTTP][0m [90m[39m
[38;5;0m[HTTP][0m [37m-->[39m [37mPOST[39m [37m/wd/hub/session/e32b3817-b491-4f7d-bca7-2bd94ea7ce2d/timeouts[39m
[38;5;0m[HTTP][0m [90m{"implicit":50}[39m
[38;5;0m[HTTP][0m [37m<-- POST /wd/hub/session/e32b3817-b491-4f7d-bca7-2bd94ea7ce2d/timeouts [39m[32m200[39m [90m2 ms - 14[39m
[38;5;0m[HTTP][0m [90m[39m
[38;5;0m[HTTP][0m [37m-->[39m [37mGET[39m [37m/wd/hub/session/e32b3817-b491-4f7d-bca7-2bd94ea7ce2d/window/rect[39m
[38;5;0m[HTTP][0m [90m{}[39m
[38;5;0m[HTTP][0m [37m<-- GET /wd/hub/session/e32b3817-b491-4f7d-bca7-2bd94ea7ce2d/window/rect [39m[32m200[39m [90m18 ms - 50[39m
[38;5;0m[HTTP][0m [90m[39m
[38;5;0m[HTTP][0m [37m-->[39m [37mPOST[39m [37m/wd/hub/session/e32b3817-b491-4f7d-bca7-2bd94ea7ce2d/elements[39m
[38;5;0m[HTTP][0m [90m{"using":"xpath","value":"//*[@class = 'android.widget.TextView' and (@text = 'Selanjutnya' or . = 'Selanjutnya') and @resource-id = 'com.alfamart.alfagift:id/btn_next']"}[39m
[38;5;0m[HTTP][0m [37m<-- POST /wd/hub/session/e32b3817-b491-4f7d-bca7-2bd94ea7ce2d/elements [39m[32m200[39m [90m792 ms - 139[39m
[38;5;0m[HTTP][0m [90m[39m
[38;5;0m[HTTP][0m [37m-->[39m [37mGET[39m [37m/wd/hub/session/e32b3817-b491-4f7d-bca7-2bd94ea7ce2d/element/00000000-0000-02ef-ffff-ffff00000475/location[39m
[38;5;0m[HTTP][0m [90m{}[39m
[38;5;48m[AndroidUiautomator2Driver@5afc (e32b3817)][0m Driver proxy active, passing request on via HTTP proxy
[38;5;48m[AndroidUiautomator2Driver@5afc (e32b3817)][0m Replacing sessionId fc7a2d1a-16bf-406a-b3a0-4b3aca3f1a1d with e32b3817-b491-4f7d-bca7-2bd94ea7ce2d
[38;5;0m[HTTP][0m [37m<-- GET /wd/hub/session/e32b3817-b491-4f7d-bca7-2bd94ea7ce2d/element/00000000-0000-02ef-ffff-ffff00000475/location [39m[32m200[39m [90m23 ms - 78[39m
[38;5;0m[HTTP][0m [90m[39m
[38;5;0m[HTTP][0m [37m-->[39m [37mPOST[39m [37m/wd/hub/session/e32b3817-b491-4f7d-bca7-2bd94ea7ce2d/timeouts[39m
[38;5;0m[HTTP][0m [90m{"implicit":30000}[39m
[38;5;0m[HTTP][0m [37m<-- POST /wd/hub/session/e32b3817-b491-4f7d-bca7-2bd94ea7ce2d/timeouts [39m[32m200[39m [90m2 ms - 14[39m
[38;5;0m[HTTP][0m [90m[39m
[38;5;0m[HTTP][0m [37m-->[39m [37mPOST[39m [37m/wd/hub/session/e32b3817-b491-4f7d-bca7-2bd94ea7ce2d/element/00000000-0000-02ef-ffff-ffff00000475/click[39m
[38;5;0m[HTTP][0m [90m{"id":"00000000-0000-02ef-ffff-ffff00000475"}[39m
[38;5;0m[HTTP][0m [37m<-- POST /wd/hub/session/e32b3817-b491-4f7d-bca7-2bd94ea7ce2d/element/00000000-0000-02ef-ffff-ffff00000475/click [39m[32m200[39m [90m43 ms - 14[39m
[38;5;0m[HTTP][0m [90m[39m
[38;5;0m[HTTP][0m [37m-->[39m [37mPOST[39m [37m/wd/hub/session/e32b3817-b491-4f7d-bca7-2bd94ea7ce2d/timeouts[39m
[38;5;0m[HTTP][0m [90m{"implicit":50}[39m
[38;5;0m[HTTP][0m [37m<-- POST /wd/hub/session/e32b3817-b491-4f7d-bca7-2bd94ea7ce2d/timeouts [39m[32m200[39m [90m3 ms - 14[39m
[38;5;0m[HTTP][0m [90m[39m
[38;5;0m[HTTP][0m [37m-->[39m [37mGET[39m [37m/wd/hub/session/e32b3817-b491-4f7d-bca7-2bd94ea7ce2d/window/rect[39m
[38;5;0m[HTTP][0m [90m{}[39m
[38;5;0m[HTTP][0m [37m<-- GET /wd/hub/session/e32b3817-b491-4f7d-bca7-2bd94ea7ce2d/window/rect [39m[32m200[39m [90m13 ms - 50[39m
[38;5;0m[HTTP][0m [90m[39m
[38;5;0m[HTTP][0m [37m-->[39m [37mPOST[39m [37m/wd/hub/session/e32b3817-b491-4f7d-bca7-2bd94ea7ce2d/elements[39m
[38;5;0m[HTTP][0m [90m{"using":"xpath","value":"//*[@class = 'android.widget.TextView' and (@text = 'Beranda' or . = 'Beranda') and @resource-id = 'com.alfamart.alfagift:id/tv_label_homepage']"}[39m
[38;5;0m[HTTP][0m [37m<-- POST /wd/hub/session/e32b3817-b491-4f7d-bca7-2bd94ea7ce2d/elements [39m[32m200[39m [90m111 ms - 12[39m
[38;5;0m[HTTP][0m [90m[39m
[38;5;0m[HTTP][0m [37m-->[39m [37mPOST[39m [37m/wd/hub/session/e32b3817-b491-4f7d-bca7-2bd94ea7ce2d/elements[39m
[38;5;0m[HTTP][0m [90m{"using":"xpath","value":"//*[@class = 'android.widget.TextView' and (@text = 'Beranda' or . = 'Beranda') and @resource-id = 'com.alfamart.alfagift:id/tv_label_homepage']"}[39m
[38;5;0m[HTTP][0m [37m<-- POST /wd/hub/session/e32b3817-b491-4f7d-bca7-2bd94ea7ce2d/elements [39m[32m200[39m [90m2412 ms - 139[39m
[38;5;0m[HTTP][0m [90m[39m
[38;5;0m[HTTP][0m [37m-->[39m [37mGET[39m [37m/wd/hub/session/e32b3817-b491-4f7d-bca7-2bd94ea7ce2d/element/00000000-0000-02f2-ffff-ffff000004ca/location[39m
[38;5;0m[HTTP][0m [90m{}[39m
[38;5;48m[AndroidUiautomator2Driver@5afc (e32b3817)][0m Driver proxy active, passing request on via HTTP proxy
[38;5;48m[AndroidUiautomator2Driver@5afc (e32b3817)][0m Replacing sessionId fc7a2d1a-16bf-406a-b3a0-4b3aca3f1a1d with e32b3817-b491-4f7d-bca7-2bd94ea7ce2d
[38;5;0m[HTTP][0m [37m<-- GET /wd/hub/session/e32b3817-b491-4f7d-bca7-2bd94ea7ce2d/element/00000000-0000-02f2-ffff-ffff000004ca/location [39m[32m200[39m [90m7394 ms - 77[39m
[38;5;0m[HTTP][0m [90m[39m
[38;5;0m[HTTP][0m [37m-->[39m [37mPOST[39m [37m/wd/hub/session/e32b3817-b491-4f7d-bca7-2bd94ea7ce2d/timeouts[39m
[38;5;0m[HTTP][0m [90m{"implicit":30000}[39m
[38;5;0m[HTTP][0m [37m<-- POST /wd/hub/session/e32b3817-b491-4f7d-bca7-2bd94ea7ce2d/timeouts [39m[32m200[39m [90m2 ms - 14[39m
[38;5;0m[HTTP][0m [90m[39m
[38;5;0m[HTTP][0m [37m-->[39m [37mGET[39m [37m/wd/hub/session/e32b3817-b491-4f7d-bca7-2bd94ea7ce2d/context[39m
[38;5;0m[HTTP][0m [90m{}[39m
[38;5;0m[HTTP][0m [37m<-- GET /wd/hub/session/e32b3817-b491-4f7d-bca7-2bd94ea7ce2d/context [39m[32m200[39m [90m2 ms - 22[39m
[38;5;0m[HTTP][0m [90m[39m
[38;5;0m[HTTP][0m [37m-->[39m [37mGET[39m [37m/wd/hub/session/e32b3817-b491-4f7d-bca7-2bd94ea7ce2d/contexts[39m
[38;5;0m[HTTP][0m [90m{}[39m
[38;5;0m[HTTP][0m [37m<-- GET /wd/hub/session/e32b3817-b491-4f7d-bca7-2bd94ea7ce2d/contexts [39m[32m200[39m [90m124 ms - 75[39m
[38;5;0m[HTTP][0m [90m[39m
[38;5;0m[HTTP][0m [37m-->[39m [37mPOST[39m [37m/wd/hub/session/e32b3817-b491-4f7d-bca7-2bd94ea7ce2d/context[39m
[38;5;0m[HTTP][0m [90m{"name":"NATIVE_APP"}[39m
[38;5;0m[HTTP][0m [37m<-- POST /wd/hub/session/e32b3817-b491-4f7d-bca7-2bd94ea7ce2d/context [39m[32m200[39m [90m1 ms - 14[39m
[38;5;0m[HTTP][0m [90m[39m
[38;5;0m[HTTP][0m [37m-->[39m [37mGET[39m [37m/wd/hub/session/e32b3817-b491-4f7d-bca7-2bd94ea7ce2d/appium/device/current_package[39m
[38;5;0m[HTTP][0m [90m{}[39m
[38;5;0m[HTTP][0m [37m<-- GET /wd/hub/session/e32b3817-b491-4f7d-bca7-2bd94ea7ce2d/appium/device/current_package [39m[32m200[39m [90m65 ms - 33[39m
[38;5;0m[HTTP][0m [90m[39m
[38;5;0m[HTTP][0m [37m-->[39m [37mPOST[39m [37m/wd/hub/session/e32b3817-b491-4f7d-bca7-2bd94ea7ce2d/appium/device/terminate_app[39m
[38;5;0m[HTTP][0m [90m{"bundleId":"com.alfamart.alfagift"}[39m
[38;5;48m[AndroidUiautomator2Driver@5afc (e32b3817)][0m Terminating 'com.alfamart.alfagift'
[38;5;48m[AndroidUiautomator2Driver@5afc (e32b3817)][0m Querying the state of 'com.alfamart.alfagift'
[38;5;48m[AndroidUiautomator2Driver@5afc (e32b3817)][0m Querying the state of 'com.alfamart.alfagift'
[38;5;0m[HTTP][0m [37m<-- POST /wd/hub/session/e32b3817-b491-4f7d-bca7-2bd94ea7ce2d/appium/device/terminate_app [39m[31m500[39m [90m1045 ms - 686[39m
[38;5;0m[HTTP][0m [90m[39m
[38;5;0m[HTTP][0m [37m-->[39m [37mPOST[39m [37m/wd/hub/session/e32b3817-b491-4f7d-bca7-2bd94ea7ce2d/context[39m
[38;5;0m[HTTP][0m [90m{"name":"NATIVE_APP"}[39m
[38;5;0m[HTTP][0m [37m<-- POST /wd/hub/session/e32b3817-b491-4f7d-bca7-2bd94ea7ce2d/context [39m[32m200[39m [90m1 ms - 14[39m
[38;5;0m[HTTP][0m [90m[39m
[38;5;0m[HTTP][0m [37m-->[39m [37mDELETE[39m [37m/wd/hub/session/e32b3817-b491-4f7d-bca7-2bd94ea7ce2d[39m
[38;5;0m[HTTP][0m [90m{}[39m
[38;5;16m[AppiumDriver@b2f9][0m Removing session e32b3817-b491-4f7d-bca7-2bd94ea7ce2d from our master session list
[38;5;48m[AndroidUiautomator2Driver@5afc (e32b3817)][0m Restoring hidden api policy to the device default configuration
[38;5;0m[HTTP][0m [37m<-- DELETE /wd/hub/session/e32b3817-b491-4f7d-bca7-2bd94ea7ce2d [39m[32m200[39m [90m246 ms - 14[39m
[38;5;0m[HTTP][0m [90m[39m
