[35m[Appium][39m Welcome to Appium v2.2.1 (REV HEAD)
[35m[Appium][39m Non-default server args:
[35m[Appium][39m { basePath: [32m'/wd/hub'[39m, loglevel: [32m'info'[39m, port: [33m57717[39m }
[35m[Appium][39m Attempting to load driver uiautomator2...
[35m[Appium][39m Appium REST http interface listener started on http://0.0.0.0:57717/wd/hub
[35m[Appium][39m You can provide the following URLs in your client code to connect to this server:
[35m[Appium][39m 	http://192.168.100.202:57717/wd/hub
[35m[Appium][39m 	http://127.0.0.1:57717/wd/hub (only accessible from the same host)
[35m[Appium][39m Available drivers:
[35m[Appium][39m   - uiautomator2@2.33.0 (automationName 'UiAutomator2')
[35m[Appium][39m No plugins have been installed. Use the "appium plugin" command to install the one(s) you want to use.
[38;5;0m[HTTP][0m [37m-->[39m [37mGET[39m [37m/wd/hub/status[39m
[38;5;0m[HTTP][0m [90m{}[39m
[38;5;0m[HTTP][0m [37m<-- GET /wd/hub/status [39m[32m200[39m [90m6 ms - 127[39m
[38;5;0m[HTTP][0m [90m[39m
[38;5;0m[HTTP][0m [37m-->[39m [37mGET[39m [37m/wd/hub/status[39m
[38;5;0m[HTTP][0m [90m{}[39m
[38;5;0m[HTTP][0m [37m<-- GET /wd/hub/status [39m[32m200[39m [90m1 ms - 127[39m
[38;5;0m[HTTP][0m [90m[39m
[38;5;0m[HTTP][0m [37m-->[39m [37mPOST[39m [37m/wd/hub/session[39m
[38;5;0m[HTTP][0m [90m{"desiredCapabilities":{"appium:systemPort":8276,"appium:udid":"R9RW3035JLN","appium:autoGrantPermissions":true,"appium:newCommandTimeout":1800,"appium:platformName":"ANDROID","appium:appActivity":".Settings","appium:deviceName":"samsung SM-X205 (Android 14)","platformName":"Android","appium:automationName":"uiautomator2","appium:platformVersion":"14","appium:appPackage":"com.android.settings"},"capabilities":{"firstMatch":[{"appium:appActivity":".Settings","appium:appPackage":"com.android.settings","appium:autoGrantPermissions":true,"appium:automationName":"uiautomator2","appium:deviceName":"samsung SM-X205 (Android 14)","appium:newCommandTimeout":1800,"appium:platformName":"ANDROID","appium:platformVersion":"14","appium:systemPort":8276,"appium:udid":"R9RW3035JLN","platformName":"android"}]}}[39m
[38;5;32m[BaseDriver][0m Ignoring capability 'appium:platformName=ANDROID' and using capability 'platformName=android'
[38;5;32m[BaseDriver][0m The capabilities ["platformName"] are standard capabilities and do not require "appium:" prefix
[35m[Appium][39m Attempting to find matching driver for automationName 'uiautomator2' and platformName 'android'
[35m[Appium][39m The 'uiautomator2' driver was installed and matched caps.
[35m[Appium][39m Will require it at C:\Users\Maxxi\.appium\node_modules\appium-uiautomator2-driver
[38;5;16m[AppiumDriver@fe4d][0m Appium v2.2.1 creating new AndroidUiautomator2Driver (v2.33.0) session
[38;5;16m[AppiumDriver@fe4d][0m Checking BaseDriver versions for Appium and AndroidUiautomator2Driver
[38;5;16m[AppiumDriver@fe4d][0m Appium's BaseDriver version is 9.4.1
[38;5;16m[AppiumDriver@fe4d][0m AndroidUiautomator2Driver's BaseDriver version is 9.4.1
[38;5;48m[AndroidUiautomator2Driver@4ece (00723255)][0m Session created with session id: 00723255-734d-45d5-a73d-985628edf92c
[38;5;48m[AndroidUiautomator2Driver@4ece (00723255)][0m Starting 'com.android.settings' directly on the device
[38;5;64m[ADB][0m Found 1 'build-tools' folders under 'C:\Users\Maxxi\AppData\Local\Android\Sdk' (newest first):
[38;5;64m[ADB][0m     C:\Users\Maxxi\AppData\Local\Android\Sdk\build-tools\34.0.0
[38;5;64m[ADB][0m Using 'adb.exe' from 'C:\Users\Maxxi\AppData\Local\Android\Sdk\platform-tools\adb.exe'
[38;5;80m[AndroidDriver][0m Retrieving device list
[38;5;80m[AndroidDriver][0m Using device: R9RW3035JLN
[38;5;64m[ADB][0m Using 'adb.exe' from 'C:\Users\Maxxi\AppData\Local\Android\Sdk\platform-tools\adb.exe'
[38;5;64m[ADB][0m Getting device platform version
[38;5;48m[AndroidUiautomator2Driver@4ece (00723255)][0m Relaxing hidden api policy
[38;5;80m[AndroidDriver][0m No app sent in, not parsing package/activity
[38;5;64m[ADB][0m Using 'apksigner.jar' from 'C:\Users\Maxxi\AppData\Local\Android\Sdk\build-tools\34.0.0\lib\apksigner.jar'
[38;5;64m[ADB][0m 'C:\Users\Maxxi\.appium\node_modules\appium-uiautomator2-driver\node_modules\appium-uiautomator2-server\apks\appium-uiautomator2-server-debug-androidTest.apk' is signed with the default certificate
[38;5;64m[ADB][0m 'C:\Users\Maxxi\.appium\node_modules\appium-uiautomator2-driver\node_modules\appium-uiautomator2-server\apks\appium-uiautomator2-server-v5.12.15.apk' is signed with the default certificate
[38;5;48m[AndroidUiautomator2Driver@4ece (00723255)][0m Server packages are not going to be (re)installed
[38;5;64m[ADB][0m Adding packages ["io.appium.settings","io.appium.uiautomator2.server","io.appium.uiautomator2.server.test"] to Doze whitelist
[38;5;48m[AndroidUiautomator2Driver@4ece (00723255)][0m Starting UIAutomator2 server 5.12.15
[38;5;48m[AndroidUiautomator2Driver@4ece (00723255)][0m Using UIAutomator2 server from 'C:\Users\Maxxi\.appium\node_modules\appium-uiautomator2-driver\node_modules\appium-uiautomator2-server\apks\appium-uiautomator2-server-v5.12.15.apk' and test from 'C:\Users\Maxxi\.appium\node_modules\appium-uiautomator2-driver\node_modules\appium-uiautomator2-server\apks\appium-uiautomator2-server-debug-androidTest.apk'
[38;5;48m[AndroidUiautomator2Driver@4ece (00723255)][0m Waiting up to 30000ms for UiAutomator2 to be online...
[38;5;48m[AndroidUiautomator2Driver@4ece (00723255)][0m socket hang up
[38;5;48m[AndroidUiautomator2Driver@4ece (00723255)][0m socket hang up
[38;5;48m[AndroidUiautomator2Driver@4ece (00723255)][0m Determined the downstream protocol as 'W3C'
[38;5;80m[AndroidDriver][0m Screen already unlocked, doing nothing
[38;5;48m[AndroidUiautomator2Driver@4ece (00723255)][0m Starting 'com.android.settings/.Settings and waiting for 'com.android.settings/.Settings'
[38;5;16m[AppiumDriver@fe4d][0m New AndroidUiautomator2Driver session created successfully, session 00723255-734d-45d5-a73d-985628edf92c added to master session list
[38;5;0m[HTTP][0m [37m<-- POST /wd/hub/session [39m[32m200[39m [90m8663 ms - 1083[39m
[38;5;0m[HTTP][0m [90m[39m
[38;5;0m[HTTP][0m [37m-->[39m [37mGET[39m [37m/wd/hub/session/00723255-734d-45d5-a73d-985628edf92c[39m
[38;5;0m[HTTP][0m [90m{}[39m
[38;5;0m[HTTP][0m [37m<-- GET /wd/hub/session/00723255-734d-45d5-a73d-985628edf92c [39m[32m200[39m [90m16 ms - 311[39m
[38;5;0m[HTTP][0m [90m[39m
[38;5;0m[HTTP][0m [37m-->[39m [37mGET[39m [37m/wd/hub/session/00723255-734d-45d5-a73d-985628edf92c[39m
[38;5;0m[HTTP][0m [90m{}[39m
[38;5;0m[HTTP][0m [37m<-- GET /wd/hub/session/00723255-734d-45d5-a73d-985628edf92c [39m[32m200[39m [90m16 ms - 311[39m
[38;5;0m[HTTP][0m [90m[39m
[38;5;0m[HTTP][0m [37m-->[39m [37mGET[39m [37m/wd/hub/status[39m
[38;5;0m[HTTP][0m [90m{}[39m
[38;5;0m[HTTP][0m [37m<-- GET /wd/hub/status [39m[32m200[39m [90m1 ms - 127[39m
[38;5;0m[HTTP][0m [90m[39m
[38;5;0m[HTTP][0m [37m-->[39m [37mPOST[39m [37m/wd/hub/session/00723255-734d-45d5-a73d-985628edf92c/timeouts[39m
[38;5;0m[HTTP][0m [90m{"implicit":60000}[39m
[38;5;0m[HTTP][0m [37m<-- POST /wd/hub/session/00723255-734d-45d5-a73d-985628edf92c/timeouts [39m[32m200[39m [90m2 ms - 14[39m
[38;5;0m[HTTP][0m [90m[39m
[38;5;0m[HTTP][0m [37m-->[39m [37mGET[39m [37m/wd/hub/session/00723255-734d-45d5-a73d-985628edf92c/appium/device/system_bars[39m
[38;5;0m[HTTP][0m [90m{}[39m
[38;5;48m[AndroidUiautomator2Driver@4ece (00723255)][0m No windows have been found whose title matches to 'NavigationBar'. Assuming it is invisible. Only the following windows are available: ShellDropTarget,TaskbarWindow,LockscreenShortcutBlur,NotificationShade,StatusBar,RecentsTransitionOverlay,InputMethod
[38;5;0m[HTTP][0m [37m<-- GET /wd/hub/session/00723255-734d-45d5-a73d-985628edf92c/appium/device/system_bars [39m[32m200[39m [90m90 ms - 144[39m
[38;5;0m[HTTP][0m [90m[39m
[38;5;0m[HTTP][0m [37m-->[39m [37mPOST[39m [37m/wd/hub/session/00723255-734d-45d5-a73d-985628edf92c/appium/device/activate_app[39m
[38;5;0m[HTTP][0m [90m{"bundleId":"com.alfamart.alfagift"}[39m
[38;5;0m[HTTP][0m [37m<-- POST /wd/hub/session/00723255-734d-45d5-a73d-985628edf92c/appium/device/activate_app [39m[32m200[39m [90m145 ms - 14[39m
[38;5;0m[HTTP][0m [90m[39m
[38;5;0m[HTTP][0m [37m-->[39m [37mGET[39m [37m/wd/hub/session/00723255-734d-45d5-a73d-985628edf92c/source[39m
[38;5;0m[HTTP][0m [90m{}[39m
[38;5;48m[AndroidUiautomator2Driver@4ece (00723255)][0m Driver proxy active, passing request on via HTTP proxy
[38;5;48m[AndroidUiautomator2Driver@4ece (00723255)][0m Replacing sessionId 1d6b78bf-e186-426d-bcbe-093c1d924ced with 00723255-734d-45d5-a73d-985628edf92c
[38;5;0m[HTTP][0m [37m<-- GET /wd/hub/session/00723255-734d-45d5-a73d-985628edf92c/source [39m[32m200[39m [90m3782 ms - 3258[39m
[38;5;0m[HTTP][0m [90m[39m
[38;5;0m[HTTP][0m [37m-->[39m [37mGET[39m [37m/wd/hub/session/00723255-734d-45d5-a73d-985628edf92c/screenshot[39m
[38;5;0m[HTTP][0m [90m{}[39m
[38;5;0m[HTTP][0m [37m<-- GET /wd/hub/session/00723255-734d-45d5-a73d-985628edf92c/screenshot [39m[32m200[39m [90m2121 ms - 2287092[39m
[38;5;0m[HTTP][0m [90m[39m
[38;5;0m[HTTP][0m [37m-->[39m [37mDELETE[39m [37m/wd/hub/session/00723255-734d-45d5-a73d-985628edf92c[39m
[38;5;0m[HTTP][0m [90m{}[39m
[38;5;16m[AppiumDriver@fe4d][0m Removing session 00723255-734d-45d5-a73d-985628edf92c from our master session list
[38;5;48m[AndroidUiautomator2Driver@4ece (00723255)][0m Restoring hidden api policy to the device default configuration
[38;5;0m[HTTP][0m [37m<-- DELETE /wd/hub/session/00723255-734d-45d5-a73d-985628edf92c [39m[32m200[39m [90m323 ms - 14[39m
[38;5;0m[HTTP][0m [90m[39m
