<?xml version="1.0" encoding="UTF-8" standalone="no"?>
<!DOCTYPE log SYSTEM "logger.dtd">
<log>
<record>
  <date>2025-01-21T15:12:55.372238900Z</date>
  <millis>1737472375372</millis>
  <nanos>238900</nanos>
  <sequence>0</sequence>
  <level>START</level>
  <class>com.kms.katalon.core.logging.XmlKeywordLogger</class>
  <method>startSuite</method>
  <thread>1</thread>
  <message>Start Test Suite : Test Suites/Alfagift_Login</message>
  <nestedLevel>0</nestedLevel>
  <escapedJava>false</escapedJava>
  <property name="rerunTestFailImmediately">false</property>
  <property name="retryCount">0</property>
  <property name="name">Alfagift_Login</property>
  <property name="description"></property>
  <property name="id">Test Suites/Alfagift_Login</property>
</record>
<record>
  <date>2025-01-21T15:12:55.400541700Z</date>
  <millis>1737472375400</millis>
  <nanos>541700</nanos>
  <sequence>1</sequence>
  <level>RUN_DATA</level>
  <class>com.kms.katalon.core.logging.XmlKeywordLogger</class>
  <method>logMessage</method>
  <thread>1</thread>
  <message>hostName = Owner - LAPTOP-66B9Q4LL</message>
  <nestedLevel>0</nestedLevel>
  <escapedJava>false</escapedJava>
  <property name="hostName">Owner - LAPTOP-66B9Q4LL</property>
</record>
<record>
  <date>2025-01-21T15:12:55.401543100Z</date>
  <millis>1737472375401</millis>
  <nanos>543100</nanos>
  <sequence>2</sequence>
  <level>RUN_DATA</level>
  <class>com.kms.katalon.core.logging.XmlKeywordLogger</class>
  <method>logMessage</method>
  <thread>1</thread>
  <message>os = Windows 11 64bit</message>
  <nestedLevel>0</nestedLevel>
  <escapedJava>false</escapedJava>
  <property name="os">Windows 11 64bit</property>
</record>
<record>
  <date>2025-01-21T15:12:55.401543100Z</date>
  <millis>1737472375401</millis>
  <nanos>543100</nanos>
  <sequence>3</sequence>
  <level>RUN_DATA</level>
  <class>com.kms.katalon.core.logging.XmlKeywordLogger</class>
  <method>logMessage</method>
  <thread>1</thread>
  <message>hostAddress = 192.168.100.202</message>
  <nestedLevel>0</nestedLevel>
  <escapedJava>false</escapedJava>
  <property name="hostAddress">192.168.100.202</property>
</record>
<record>
  <date>2025-01-21T15:12:55.402545300Z</date>
  <millis>1737472375402</millis>
  <nanos>545300</nanos>
  <sequence>4</sequence>
  <level>RUN_DATA</level>
  <class>com.kms.katalon.core.logging.XmlKeywordLogger</class>
  <method>logMessage</method>
  <thread>1</thread>
  <message>katalonVersion = 9.7.2.223</message>
  <nestedLevel>0</nestedLevel>
  <escapedJava>false</escapedJava>
  <property name="katalonVersion">9.7.2.223</property>
</record>
<record>
  <date>2025-01-21T15:12:55.580111100Z</date>
  <millis>1737472375580</millis>
  <nanos>111100</nanos>
  <sequence>5</sequence>
  <level>START</level>
  <class>com.kms.katalon.core.logging.XmlKeywordLogger</class>
  <method>startTest</method>
  <thread>1</thread>
  <message>Start Test Case : Test Cases/Login (Negative)/Login_when already logged in at another device</message>
  <nestedLevel>1</nestedLevel>
  <escapedJava>false</escapedJava>
  <property name="name">Test Cases/Login (Negative)/Login_when already logged in at another device</property>
  <property name="description"></property>
  <property name="iteration"></property>
  <property name="id">Test Cases/Login (Negative)/Login_when already logged in at another device</property>
  <property name="source">C:\Users\Maxxi\git\soal_18\Test Cases\Login (Negative)\Login_when already logged in at another device.tc</property>
  <property name="tag"></property>
  <property name="isOptional">false</property>
</record>
<record>
  <date>2025-01-21T15:12:55.882691300Z</date>
  <millis>1737472375882</millis>
  <nanos>691300</nanos>
  <sequence>7</sequence>
  <level>START</level>
  <class>com.kms.katalon.core.logging.XmlKeywordLogger</class>
  <method>startKeyword</method>
  <thread>1</thread>
  <message>Start action : startApplication(&amp;quot;D:/Downloads/base.apk&amp;quot;, false)</message>
  <nestedLevel>1</nestedLevel>
  <escapedJava>false</escapedJava>
  <property name="startLine">39</property>
  <property name="stepIndex">1</property>
</record>
<record>
  <date>2025-01-21T15:12:56.169108200Z</date>
  <millis>1737472376169</millis>
  <nanos>108200</nanos>
  <sequence>8</sequence>
  <level>INFO</level>
  <class>com.kms.katalon.core.logging.XmlKeywordLogger</class>
  <method>logMessage</method>
  <thread>1</thread>
  <message>Starting application: &amp;apos;D:\Downloads\base.apk&amp;apos;</message>
  <nestedLevel>1</nestedLevel>
  <escapedJava>false</escapedJava>
</record>
<record>
  <date>2025-01-21T15:12:56.362683Z</date>
  <millis>1737472376362</millis>
  <nanos>683000</nanos>
  <sequence>9</sequence>
  <level>INFO</level>
  <class>com.kms.katalon.core.logging.XmlKeywordLogger</class>
  <method>logMessage</method>
  <thread>1</thread>
  <message>Detected NodeJS location: &amp;quot;C:\Program Files\nodejs\node.exe&amp;quot;</message>
  <nestedLevel>1</nestedLevel>
  <escapedJava>false</escapedJava>
</record>
<record>
  <date>2025-01-21T15:13:01.754752300Z</date>
  <millis>1737472381754</millis>
  <nanos>752300</nanos>
  <sequence>10</sequence>
  <level>INFO</level>
  <class>com.kms.katalon.core.logging.XmlKeywordLogger</class>
  <method>logMessage</method>
  <thread>1</thread>
  <message>PATH: C:\Program Files\nodejs;</message>
  <nestedLevel>1</nestedLevel>
  <escapedJava>false</escapedJava>
</record>
<record>
  <date>2025-01-21T15:13:01.759776800Z</date>
  <millis>1737472381759</millis>
  <nanos>776800</nanos>
  <sequence>11</sequence>
  <level>INFO</level>
  <class>com.kms.katalon.core.logging.XmlKeywordLogger</class>
  <method>logMessage</method>
  <thread>1</thread>
  <message>APPIUM_HOME: C:\Users\Maxxi\.appium</message>
  <nestedLevel>1</nestedLevel>
  <escapedJava>false</escapedJava>
</record>
<record>
  <date>2025-01-21T15:13:01.759776800Z</date>
  <millis>1737472381759</millis>
  <nanos>776800</nanos>
  <sequence>12</sequence>
  <level>INFO</level>
  <class>com.kms.katalon.core.logging.XmlKeywordLogger</class>
  <method>logMessage</method>
  <thread>1</thread>
  <message>appium outlog: C:\Users\Maxxi\git\soal_18\Reports\20250121_221251\Alfagift_Login\20250121_221251\appium.log</message>
  <nestedLevel>1</nestedLevel>
  <escapedJava>false</escapedJava>
</record>
<record>
  <date>2025-01-21T15:13:01.760777Z</date>
  <millis>1737472381760</millis>
  <nanos>777000</nanos>
  <sequence>13</sequence>
  <level>INFO</level>
  <class>com.kms.katalon.core.logging.XmlKeywordLogger</class>
  <method>logMessage</method>
  <thread>1</thread>
  <message>appium errlog: C:\Users\Maxxi\git\soal_18\Reports\20250121_221251\Alfagift_Login\20250121_221251\appium_error.log</message>
  <nestedLevel>1</nestedLevel>
  <escapedJava>false</escapedJava>
</record>
<record>
  <date>2025-01-21T15:13:06.157913200Z</date>
  <millis>1737472386157</millis>
  <nanos>913200</nanos>
  <sequence>14</sequence>
  <level>INFO</level>
  <class>com.kms.katalon.core.logging.XmlKeywordLogger</class>
  <method>logMessage</method>
  <thread>1</thread>
  <message>Appium server started on port 57,568</message>
  <nestedLevel>1</nestedLevel>
  <escapedJava>false</escapedJava>
</record>
<record>
  <date>2025-01-21T15:13:13.710306700Z</date>
  <millis>1737472393710</millis>
  <nanos>306700</nanos>
  <sequence>16</sequence>
  <level>RUN_DATA</level>
  <class>com.kms.katalon.core.logging.XmlKeywordLogger</class>
  <method>logMessage</method>
  <thread>1</thread>
  <message>appiumVersion = 2.2.1</message>
  <nestedLevel>1</nestedLevel>
  <escapedJava>false</escapedJava>
  <property name="appiumVersion">2.2.1</property>
</record>
<record>
  <date>2025-01-21T15:13:13.711309700Z</date>
  <millis>1737472393711</millis>
  <nanos>309700</nanos>
  <sequence>17</sequence>
  <level>RUN_DATA</level>
  <class>com.kms.katalon.core.logging.XmlKeywordLogger</class>
  <method>logMessage</method>
  <thread>1</thread>
  <message>appiumServerStatus = {&amp;quot;value&amp;quot;:{&amp;quot;ready&amp;quot;:true,&amp;quot;message&amp;quot;:&amp;quot;The server is ready to accept new connections&amp;quot;,&amp;quot;build&amp;quot;:{&amp;quot;version&amp;quot;:&amp;quot;2.2.1&amp;quot;}}}</message>
  <nestedLevel>1</nestedLevel>
  <escapedJava>false</escapedJava>
  <property name="appiumServerStatus">{&quot;value&quot;:{&quot;ready&quot;:true,&quot;message&quot;:&quot;The server is ready to accept new connections&quot;,&quot;build&quot;:{&quot;version&quot;:&quot;2.2.1&quot;}}}</property>
</record>
<record>
  <date>2025-01-21T15:13:13.720500Z</date>
  <millis>1737472393720</millis>
  <nanos>500000</nanos>
  <sequence>18</sequence>
  <level>RUN_DATA</level>
  <class>com.kms.katalon.core.logging.XmlKeywordLogger</class>
  <method>logMessage</method>
  <thread>1</thread>
  <message>deviceId = R9RW3035JLN</message>
  <nestedLevel>1</nestedLevel>
  <escapedJava>false</escapedJava>
  <property name="deviceId">R9RW3035JLN</property>
</record>
<record>
  <date>2025-01-21T15:13:13.720500Z</date>
  <millis>1737472393720</millis>
  <nanos>500000</nanos>
  <sequence>19</sequence>
  <level>RUN_DATA</level>
  <class>com.kms.katalon.core.logging.XmlKeywordLogger</class>
  <method>logMessage</method>
  <thread>1</thread>
  <message>deviceName = samsung SM-X205 (Android 14)</message>
  <nestedLevel>1</nestedLevel>
  <escapedJava>false</escapedJava>
  <property name="deviceName">samsung SM-X205 (Android 14)</property>
</record>
<record>
  <date>2025-01-21T15:13:13.720500Z</date>
  <millis>1737472393720</millis>
  <nanos>500000</nanos>
  <sequence>20</sequence>
  <level>RUN_DATA</level>
  <class>com.kms.katalon.core.logging.XmlKeywordLogger</class>
  <method>logMessage</method>
  <thread>1</thread>
  <message>deviceModel = SM-X205</message>
  <nestedLevel>1</nestedLevel>
  <escapedJava>false</escapedJava>
  <property name="deviceModel">SM-X205</property>
</record>
<record>
  <date>2025-01-21T15:13:13.721500200Z</date>
  <millis>1737472393721</millis>
  <nanos>500200</nanos>
  <sequence>21</sequence>
  <level>RUN_DATA</level>
  <class>com.kms.katalon.core.logging.XmlKeywordLogger</class>
  <method>logMessage</method>
  <thread>1</thread>
  <message>deviceManufacturer = samsung</message>
  <nestedLevel>1</nestedLevel>
  <escapedJava>false</escapedJava>
  <property name="deviceManufacturer">samsung</property>
</record>
<record>
  <date>2025-01-21T15:13:13.721500200Z</date>
  <millis>1737472393721</millis>
  <nanos>500200</nanos>
  <sequence>22</sequence>
  <level>RUN_DATA</level>
  <class>com.kms.katalon.core.logging.XmlKeywordLogger</class>
  <method>logMessage</method>
  <thread>1</thread>
  <message>deviceOS = Android</message>
  <nestedLevel>1</nestedLevel>
  <escapedJava>false</escapedJava>
  <property name="deviceOS">Android</property>
</record>
<record>
  <date>2025-01-21T15:13:13.721500200Z</date>
  <millis>1737472393721</millis>
  <nanos>500200</nanos>
  <sequence>23</sequence>
  <level>RUN_DATA</level>
  <class>com.kms.katalon.core.logging.XmlKeywordLogger</class>
  <method>logMessage</method>
  <thread>1</thread>
  <message>deviceOSVersion = 14</message>
  <nestedLevel>1</nestedLevel>
  <escapedJava>false</escapedJava>
  <property name="deviceOSVersion">14</property>
</record>
<record>
  <date>2025-01-21T15:13:13.804758600Z</date>
  <millis>1737472393804</millis>
  <nanos>758600</nanos>
  <sequence>24</sequence>
  <level>PASSED</level>
  <class>com.kms.katalon.core.logging.XmlKeywordLogger</class>
  <method>logMessage</method>
  <thread>1</thread>
  <message>Started application: &amp;apos;D:\Downloads\base.apk&amp;apos;</message>
  <nestedLevel>1</nestedLevel>
  <escapedJava>false</escapedJava>
  <property name="testops-method-name">com.kms.katalon.core.mobile.keyword.builtin.StartApplicationKeyword.startApplication</property>
  <property name="testops-execution-stacktrace"></property>
</record>
<record>
  <date>2025-01-21T15:13:13.806767700Z</date>
  <millis>1737472393806</millis>
  <nanos>767700</nanos>
  <sequence>25</sequence>
  <level>END</level>
  <class>com.kms.katalon.core.logging.XmlKeywordLogger</class>
  <method>endKeyword</method>
  <thread>1</thread>
  <message>End action : startApplication(&amp;quot;D:/Downloads/base.apk&amp;quot;, false)</message>
  <nestedLevel>1</nestedLevel>
  <escapedJava>false</escapedJava>
</record>
<record>
  <date>2025-01-21T15:13:13.806767700Z</date>
  <millis>1737472393806</millis>
  <nanos>767700</nanos>
  <sequence>26</sequence>
  <level>START</level>
  <class>com.kms.katalon.core.logging.XmlKeywordLogger</class>
  <method>startKeyword</method>
  <thread>1</thread>
  <message>Start action : tap(findTestObject(&amp;quot;Object Repository/button/android.widget.TextView - MASUK&amp;quot;), 0)</message>
  <nestedLevel>1</nestedLevel>
  <escapedJava>false</escapedJava>
  <property name="startLine">41</property>
  <property name="stepIndex">2</property>
</record>
<record>
  <date>2025-01-21T15:13:13.879630400Z</date>
  <millis>1737472393879</millis>
  <nanos>630400</nanos>
  <sequence>30</sequence>
  <level>WARNING</level>
  <class>com.kms.katalon.core.logging.XmlKeywordLogger</class>
  <method>logMessage</method>
  <thread>1</thread>
  <message>Timeout &amp;apos;0&amp;apos; is invalid. Using default page load timeout: &amp;apos;30&amp;apos;</message>
  <nestedLevel>1</nestedLevel>
  <escapedJava>false</escapedJava>
</record>
